<?xml version="1.0" encoding="utf-8"?><testsuites name="pytest tests"><testsuite name="pytest" errors="0" failures="0" skipped="0" tests="3" time="3.475" timestamp="2026-06-23T15:55:01.414662+12:00" hostname="Holly"><testcase classname="tests.test_pipeline.TestGlide" name="test_generate_dataset_and_showcase" time="3.295" /><testcase classname="tests.test_pipeline.TestGlide" name="test_generate_global_dataset" time="0.010" /><testcase classname="tests.test_pipeline.TestGlide" name="test_invalid_dates" time="0.006" /></testsuite></testsuites>